<?xml version="1.0" encoding="UTF-8"?>
<!-- Generated by org.testng.reporters.JUnitReportReporter -->
<testsuite skipped="1" hostname="DESKTOP-IGSM65Q" name="com.TestNG_Project.Ignore_concept" tests="2" failures="0" timestamp="2021-05-07T12:31:45 IST" time="0.031" errors="0">
  <testcase name="earphones" time="0.031" classname="com.TestNG_Project.Ignore_concept"/>
  <system-out/>
  <testcase name="mobile" classname="com.TestNG_Project.Ignore_concept">
    <skipped/>
  </testcase> <!-- mobile -->
  <system-out/>
</testsuite> <!-- com.TestNG_Project.Ignore_concept -->
