<?xml version="1.0" encoding="UTF-8"?>
<!-- Generated by org.testng.reporters.JUnitReportReporter -->
<testsuite skipped="0" hostname="DESKTOP-IGSM65Q" name="com.TestNG_Project.Invocation_Count" tests="4" failures="0" timestamp="2021-05-07T12:42:27 IST" time="0.026" errors="0">
  <testcase name="refresh" time="0.000" classname="com.TestNG_Project.Invocation_Count"/>
  <system-out/>
  <testcase name="browserLaunch" time="0.026" classname="com.TestNG_Project.Invocation_Count"/>
  <system-out/>
  <testcase name="url" time="0.000" classname="com.TestNG_Project.Invocation_Count"/>
  <system-out/>
  <testcase name="refresh" time="0.000" classname="com.TestNG_Project.Invocation_Count"/>
  <system-out/>
</testsuite> <!-- com.TestNG_Project.Invocation_Count -->
