<?xml version="1.0" encoding="UTF-8"?>
<!-- Generated by org.testng.reporters.JUnitReportReporter -->
<testsuite skipped="0" hostname="DESKTOP-IGSM65Q" name="com.TestNG_Project.DataProvider_Test" tests="3" failures="0" timestamp="2021-05-08T12:27:28 IST" time="0.034" errors="0">
  <testcase name="method1" time="0.000" classname="com.TestNG_Project.DataProvider_Test"/>
  <system-out/>
  <testcase name="method1" time="0.000" classname="com.TestNG_Project.DataProvider_Test"/>
  <system-out/>
  <testcase name="method1" time="0.034" classname="com.TestNG_Project.DataProvider_Test"/>
  <system-out/>
</testsuite> <!-- com.TestNG_Project.DataProvider_Test -->
