<?xml version="1.0" encoding="UTF-8"?>
<!-- Generated by org.testng.reporters.JUnitReportReporter -->
<testsuite skipped="0" hostname="DESKTOP-IGSM65Q" name="com.TestNG_Project.Hard_Assert" tests="1" failures="0" timestamp="2021-05-09T12:35:21 IST" time="0.035" errors="0">
  <testcase name="Demo" time="0.035" classname="com.TestNG_Project.Hard_Assert"/>
  <system-out/>
</testsuite> <!-- com.TestNG_Project.Hard_Assert -->
