<?xml version="1.0" encoding="UTF-8"?>
<!-- Generated by org.testng.reporters.JUnitReportReporter -->
<testsuite skipped="0" hostname="DESKTOP-IGSM65Q" name="com.TestNG_Project.Soft_Assert" tests="1" failures="0" timestamp="2021-05-09T12:41:35 IST" time="0.038" errors="0">
  <testcase name="Demo" time="0.038" classname="com.TestNG_Project.Soft_Assert"/>
  <system-out/>
</testsuite> <!-- com.TestNG_Project.Soft_Assert -->
