<?xml version="1.0" encoding="UTF-8"?>
<!-- Generated by org.testng.reporters.JUnitReportReporter -->
<testsuite skipped="0" hostname="DESKTOP-IGSM65Q" name="com.TestNG_Project.Priority_Test" tests="4" failures="0" timestamp="2021-05-07T12:38:16 IST" time="0.089" errors="0">
  <testcase name="mobile" time="0.042" classname="com.TestNG_Project.Priority_Test"/>
  <system-out/>
  <testcase name="books" time="0.016" classname="com.TestNG_Project.Priority_Test"/>
  <system-out/>
  <testcase name="earphones" time="0.015" classname="com.TestNG_Project.Priority_Test"/>
  <system-out/>
  <testcase name="laptop" time="0.016" classname="com.TestNG_Project.Priority_Test"/>
  <system-out/>
</testsuite> <!-- com.TestNG_Project.Priority_Test -->
