<?xml version="1.0" encoding="UTF-8"?>
<!-- Generated by org.testng.reporters.JUnitReportReporter -->
<testsuite skipped="0" hostname="DESKTOP-IGSM65Q" name="com.TestNG_Project.Simple_Annotations" tests="3" failures="0" timestamp="2021-05-07T12:17:01 IST" time="0.046" errors="0">
  <testcase name="earphones" time="0.031" classname="com.TestNG_Project.Simple_Annotations"/>
  <system-out/>
  <testcase name="laptop" time="0.000" classname="com.TestNG_Project.Simple_Annotations"/>
  <system-out/>
  <testcase name="mobile" time="0.015" classname="com.TestNG_Project.Simple_Annotations"/>
  <system-out/>
</testsuite> <!-- com.TestNG_Project.Simple_Annotations -->
