<?xml version="1.0" encoding="UTF-8"?>
<!-- Generated by org.testng.reporters.JUnitReportReporter -->
<testsuite skipped="0" hostname="DESKTOP-IGSM65Q" name="com.TestNG_Project.Expected_Exception" tests="1" failures="0" timestamp="2021-05-07T12:57:01 IST" time="0.032" errors="0">
  <testcase name="task" time="0.032" classname="com.TestNG_Project.Expected_Exception"/>
  <system-out/>
</testsuite> <!-- com.TestNG_Project.Expected_Exception -->
