<?xml version="1.0" encoding="UTF-8"?>
<!-- Generated by org.testng.reporters.JUnitReportReporter -->
<testsuite skipped="0" hostname="DESKTOP-IGSM65Q" name="com.TestNG_Project.Grouping_Test" tests="3" failures="0" timestamp="2021-05-08T12:08:57 IST" time="0.077" errors="0">
  <testcase name="laptop" time="0.016" classname="com.TestNG_Project.Grouping_Test"/>
  <system-out/>
  <testcase name="earphone" time="0.046" classname="com.TestNG_Project.Grouping_Test"/>
  <system-out/>
  <testcase name="mobiles" time="0.015" classname="com.TestNG_Project.Grouping_Test"/>
  <system-out/>
</testsuite> <!-- com.TestNG_Project.Grouping_Test -->
