<?xml version="1.0" encoding="UTF-8"?>
<!-- Generated by org.testng.reporters.JUnitReportReporter -->
<testsuite skipped="0" hostname="DESKTOP-IGSM65Q" name="com.TestNG_Project.TimeOut_Test" tests="1" failures="0" timestamp="2021-05-07T12:51:51 IST" time="3.049" errors="0">
  <testcase name="task" time="3.049" classname="com.TestNG_Project.TimeOut_Test"/>
  <system-out/>
</testsuite> <!-- com.TestNG_Project.TimeOut_Test -->
